[1/9] Performing build step for 'bootloader'
[1/1] cmd.exe /C "cd /D C:\Users\Lenovo\OneDrive\MASTER_IOT\ProyectoAreaTecnologia\ProyectoFinal-ANIOT-RPI1-RPI2\build\bootloader\esp-idf\esptool_py && C:\Users\Lenovo\.espressif\python_env\idf5.1_py3.11_env\Scripts\python.exe C:/Users/Lenovo/esp-idf/components/partition_table/check_sizes.py --offset 0x8000 bootloader 0x1000 C:/Users/Lenovo/OneDrive/MASTER_IOT/ProyectoAreaTecnologia/ProyectoFinal-ANIOT-RPI1-RPI2/build/bootloader/bootloader.bin"
Bootloader binary size 0x6860 bytes. 0x7a0 bytes (7%) free.
[2/7] Building C object esp-idf/mqtt/CMakeFiles/__idf_mqtt.dir/mqtt_api.c.obj
C:/Users/Lenovo/OneDrive/MASTER_IOT/ProyectoAreaTecnologia/ProyectoFinal-ANIOT-RPI1-RPI2/components/mqtt/mqtt_api.c: In function 'publish_data_si7021':
C:/Users/Lenovo/OneDrive/MASTER_IOT/ProyectoAreaTecnologia/ProyectoFinal-ANIOT-RPI1-RPI2/components/mqtt/mqtt_api.c:251:13: warning: unused variable 'cbor_buffer' [-Wunused-variable]
  251 |     uint8_t cbor_buffer[512];  // Ajusta el tamaño según tus necesidades
      |             ^~~~~~~~~~~
C:/Users/Lenovo/OneDrive/MASTER_IOT/ProyectoAreaTecnologia/ProyectoFinal-ANIOT-RPI1-RPI2/components/mqtt/mqtt_api.c: In function 'mqtt_handler':
C:/Users/Lenovo/OneDrive/MASTER_IOT/ProyectoAreaTecnologia/ProyectoFinal-ANIOT-RPI1-RPI2/components/mqtt/mqtt_api.c:355:9: warning: unused variable 'msg_id' [-Wunused-variable]
  355 |     int msg_id;
      |         ^~~~~~
C:/Users/Lenovo/OneDrive/MASTER_IOT/ProyectoAreaTecnologia/ProyectoFinal-ANIOT-RPI1-RPI2/components/mqtt/mqtt_api.c:354:30: warning: unused variable 'client' [-Wunused-variable]
  354 |     esp_mqtt_client_handle_t client = event->client;
      |                              ^~~~~~
C:/Users/Lenovo/OneDrive/MASTER_IOT/ProyectoAreaTecnologia/ProyectoFinal-ANIOT-RPI1-RPI2/components/mqtt/mqtt_api.c: At top level:
C:/Users/Lenovo/OneDrive/MASTER_IOT/ProyectoAreaTecnologia/ProyectoFinal-ANIOT-RPI1-RPI2/components/mqtt/mqtt_api.c:311:13: warning: 'reset_mqtt_client' defined but not used [-Wunused-function]
  311 | static void reset_mqtt_client(){
      |             ^~~~~~~~~~~~~~~~~
C:/Users/Lenovo/OneDrive/MASTER_IOT/ProyectoAreaTecnologia/ProyectoFinal-ANIOT-RPI1-RPI2/components/mqtt/mqtt_api.c:247:13: warning: 'publish_data_si7021' defined but not used [-Wunused-function]
  247 | static void publish_data_si7021(int piso, int aula, int numero, cJSON *valor_sensor){
      |             ^~~~~~~~~~~~~~~~~~~
C:/Users/Lenovo/OneDrive/MASTER_IOT/ProyectoAreaTecnologia/ProyectoFinal-ANIOT-RPI1-RPI2/components/mqtt/mqtt_api.c:223:13: warning: 'publish_data_sgp30' defined but not used [-Wunused-function]
  223 | static void publish_data_sgp30(int piso, int aula, int numero, cJSON *valor_sensor){
      |             ^~~~~~~~~~~~~~~~~~
C:/Users/Lenovo/OneDrive/MASTER_IOT/ProyectoAreaTecnologia/ProyectoFinal-ANIOT-RPI1-RPI2/components/mqtt/mqtt_api.c:164:13: warning: 'suscribe_topic_provisioning' defined but not used [-Wunused-function]
  164 | static void suscribe_topic_provisioning(){
      |             ^~~~~~~~~~~~~~~~~~~~~~~~~~~
C:/Users/Lenovo/OneDrive/MASTER_IOT/ProyectoAreaTecnologia/ProyectoFinal-ANIOT-RPI1-RPI2/components/mqtt/mqtt_api.c:22:12: warning: 'sampling_frequency' defined but not used [-Wunused-variable]
   22 | static int sampling_frequency = 30;
      |            ^~~~~~~~~~~~~~~~~~
[3/7] Linking C static library esp-idf\mqtt\libmqtt.a
[4/7] Generating ld/sections.ld
C:/Users/Lenovo/OneDrive/MASTER_IOT/ProyectoAreaTecnologia/ProyectoFinal-ANIOT-RPI1-RPI2/components/esp-si7021/Kconfig.projbuild:1: warning: style: quotes recommended around 'esp-si7021' in 'menu esp-si7021'
[5/7] Linking CXX executable ProyectoFinal-ANIOT-RPI1-RPI2.elf
FAILED: ProyectoFinal-ANIOT-RPI1-RPI2.elf 
cmd.exe /C "cd . && C:\Users\Lenovo\.espressif\tools\xtensa-esp32-elf\esp-12.2.0_20230208\xtensa-esp32-elf\bin\xtensa-esp32-elf-g++.exe -mlongcalls -Wno-frame-address -Wl,--cref -Wl,--defsym=IDF_TARGET_ESP32=0 -Wl,--Map=C:/Users/Lenovo/OneDrive/MASTER_IOT/ProyectoAreaTecnologia/ProyectoFinal-ANIOT-RPI1-RPI2/build/ProyectoFinal-ANIOT-RPI1-RPI2.map -Wl,--no-warn-rwx-segments -fno-rtti -fno-lto -Wl,--gc-sections -Wl,--warn-common -T esp32.peripherals.ld -T esp32.rom.ld -T esp32.rom.api.ld -T esp32.rom.libgcc.ld -T esp32.rom.newlib-data.ld -T esp32.rom.syscalls.ld -T esp32.rom.newlib-funcs.ld -T memory.ld -T sections.ld @CMakeFiles\ProyectoFinal-ANIOT-RPI1-RPI2.elf.rsp -o ProyectoFinal-ANIOT-RPI1-RPI2.elf  && cd ."
c:/users/lenovo/.espressif/tools/xtensa-esp32-elf/esp-12.2.0_20230208/xtensa-esp32-elf/bin/../lib/gcc/xtensa-esp32-elf/12.2.0/../../../../xtensa-esp32-elf/bin/ld.exe: esp-idf/mqtt/libmqtt.a(mqtt_api.c.obj):(.literal.init_publisher_mqtt+0xc): undefined reference to `_binary_certs_node_key_pem_start'
c:/users/lenovo/.espressif/tools/xtensa-esp32-elf/esp-12.2.0_20230208/xtensa-esp32-elf/bin/../lib/gcc/xtensa-esp32-elf/12.2.0/../../../../xtensa-esp32-elf/bin/ld.exe: esp-idf/mqtt/libmqtt.a(mqtt_api.c.obj):(.literal.init_mqtt+0x0): undefined reference to `_binary_certs_node_new_cert_pem_start'
collect2.exe: error: ld returned 1 exit status
ninja: build stopped: subcommand failed.
